{
  "numFailedTestSuites": 0,
  "numFailedTests": 0,
  "numPassedTestSuites": 1,
  "numPassedTests": 2,
  "numPendingTestSuites": 0,
  "numPendingTests": 0,
  "numRuntimeErrorTestSuites": 0,
  "numTodoTests": 0,
  "numTotalTestSuites": 1,
  "numTotalTests": 2,
  "openHandles": [],
  "snapshot": {
    "added": 0,
    "didUpdate": false,
    "failure": false,
    "filesAdded": 0,
    "filesRemoved": 0,
    "filesRemovedList": [],
    "filesUnmatched": 0,
    "filesUpdated": 0,
    "matched": 0,
    "total": 0,
    "unchecked": 0,
    "uncheckedKeysByFile": [],
    "unmatched": 0,
    "updated": 0
  },
  "startTime": 1576584803104,
  "success": false,
  "testResults": [
    {
      "failureMessage": null,
      "leaks": false,
      "memoryUsage": 0,
      "numFailingTests": 0,
      "numPassingTests": 2,
      "numPendingTests": 0,
      "skipped": false,
      "snapshot": {
        "added": 0,
        "fileDeleted": false,
        "matched": 0,
        "unchecked": 0,
        "uncheckedKeys": [],
        "unmatched": 0,
        "updated": 0
      },
      "testFilePath": "/Users/AtsushiUMAKATSU/workspace/AlexaSkill/bespoken-test/test/unit/index.test.yml",
      "testResults": [
        {
          "ancestorTitles": [
            "ja-JP",
            "Launch request, no further interaction."
          ],
          "duration": 58,
          "failureMessages": [],
          "location": {
            "column": 0,
            "line": 0
          },
          "numPassingAsserts": 0,
          "status": "passed",
          "title": "LaunchRequest"
        },
        {
          "ancestorTitles": [
            "ja-JP",
            "Sequence 03. Test scenario: AMAZON.HelpIntent. Ask for help and exit."
          ],
          "duration": 0,
          "failureMessages": [],
          "location": {
            "column": 0,
            "line": 0
          },
          "numPassingAsserts": 0,
          "status": "passed",
          "title": "LaunchRequest"
        },
        {
          "ancestorTitles": [
            "ja-JP",
            "Sequence 03. Test scenario: AMAZON.HelpIntent. Ask for help and exit."
          ],
          "duration": 2,
          "failureMessages": [],
          "location": {
            "column": 0,
            "line": 0
          },
          "numPassingAsserts": 0,
          "status": "passed",
          "title": "help"
        },
        {
          "ancestorTitles": [
            "ja-JP",
            "Sequence 03. Test scenario: AMAZON.HelpIntent. Ask for help and exit."
          ],
          "duration": 0,
          "failureMessages": [],
          "location": {
            "column": 0,
            "line": 0
          },
          "numPassingAsserts": 0,
          "status": "passed",
          "title": "AMAZON.HelpIntent"
        },
        {
          "ancestorTitles": [
            "ja-JP",
            "Sequence 03. Test scenario: AMAZON.HelpIntent. Ask for help and exit."
          ],
          "duration": 0,
          "failureMessages": [],
          "location": {
            "column": 0,
            "line": 0
          },
          "numPassingAsserts": 0,
          "status": "passed",
          "title": "HelloWorldIntent"
        }
      ],
      "perfStats": {
        "end": 1576584803821,
        "start": 1576584803142
      },
      "numTodoTests": 0
    }
  ],
  "wasInterrupted": false,
  "coverageMap": {
    "/Users/AtsushiUMAKATSU/workspace/AlexaSkill/bespoken-test/lambda/custom/index.js": {
      "path": "/Users/AtsushiUMAKATSU/workspace/AlexaSkill/bespoken-test/lambda/custom/index.js",
      "statementMap": {
        "0": {
          "start": {
            "line": 6,
            "column": 14
          },
          "end": {
            "line": 6,
            "column": 37
          }
        },
        "1": {
          "start": {
            "line": 7,
            "column": 12
          },
          "end": {
            "line": 15,
            "column": 1
          }
        },
        "2": {
          "start": {
            "line": 17,
            "column": 29
          },
          "end": {
            "line": 29,
            "column": 1
          }
        },
        "3": {
          "start": {
            "line": 19,
            "column": 8
          },
          "end": {
            "line": 19,
            "column": 86
          }
        },
        "4": {
          "start": {
            "line": 22,
            "column": 28
          },
          "end": {
            "line": 22,
            "column": 64
          }
        },
        "5": {
          "start": {
            "line": 24,
            "column": 8
          },
          "end": {
            "line": 27,
            "column": 27
          }
        },
        "6": {
          "start": {
            "line": 31,
            "column": 32
          },
          "end": {
            "line": 44,
            "column": 1
          }
        },
        "7": {
          "start": {
            "line": 33,
            "column": 8
          },
          "end": {
            "line": 34,
            "column": 88
          }
        },
        "8": {
          "start": {
            "line": 37,
            "column": 28
          },
          "end": {
            "line": 37,
            "column": 41
          }
        },
        "9": {
          "start": {
            "line": 39,
            "column": 8
          },
          "end": {
            "line": 42,
            "column": 27
          }
        },
        "10": {
          "start": {
            "line": 46,
            "column": 26
          },
          "end": {
            "line": 59,
            "column": 1
          }
        },
        "11": {
          "start": {
            "line": 48,
            "column": 8
          },
          "end": {
            "line": 49,
            "column": 89
          }
        },
        "12": {
          "start": {
            "line": 52,
            "column": 28
          },
          "end": {
            "line": 52,
            "column": 40
          }
        },
        "13": {
          "start": {
            "line": 54,
            "column": 8
          },
          "end": {
            "line": 57,
            "column": 27
          }
        },
        "14": {
          "start": {
            "line": 61,
            "column": 35
          },
          "end": {
            "line": 74,
            "column": 1
          }
        },
        "15": {
          "start": {
            "line": 63,
            "column": 8
          },
          "end": {
            "line": 65,
            "column": 94
          }
        },
        "16": {
          "start": {
            "line": 68,
            "column": 28
          },
          "end": {
            "line": 68,
            "column": 43
          }
        },
        "17": {
          "start": {
            "line": 70,
            "column": 8
          },
          "end": {
            "line": 72,
            "column": 27
          }
        },
        "18": {
          "start": {
            "line": 80,
            "column": 30
          },
          "end": {
            "line": 93,
            "column": 1
          }
        },
        "19": {
          "start": {
            "line": 82,
            "column": 8
          },
          "end": {
            "line": 83,
            "column": 93
          }
        },
        "20": {
          "start": {
            "line": 86,
            "column": 28
          },
          "end": {
            "line": 86,
            "column": 44
          }
        },
        "21": {
          "start": {
            "line": 88,
            "column": 8
          },
          "end": {
            "line": 91,
            "column": 27
          }
        },
        "22": {
          "start": {
            "line": 99,
            "column": 35
          },
          "end": {
            "line": 108,
            "column": 1
          }
        },
        "23": {
          "start": {
            "line": 101,
            "column": 8
          },
          "end": {
            "line": 101,
            "column": 92
          }
        },
        "24": {
          "start": {
            "line": 104,
            "column": 8
          },
          "end": {
            "line": 104,
            "column": 91
          }
        },
        "25": {
          "start": {
            "line": 106,
            "column": 8
          },
          "end": {
            "line": 106,
            "column": 58
          }
        },
        "26": {
          "start": {
            "line": 114,
            "column": 31
          },
          "end": {
            "line": 127,
            "column": 1
          }
        },
        "27": {
          "start": {
            "line": 116,
            "column": 8
          },
          "end": {
            "line": 116,
            "column": 86
          }
        },
        "28": {
          "start": {
            "line": 119,
            "column": 27
          },
          "end": {
            "line": 119,
            "column": 76
          }
        },
        "29": {
          "start": {
            "line": 120,
            "column": 28
          },
          "end": {
            "line": 120,
            "column": 85
          }
        },
        "30": {
          "start": {
            "line": 122,
            "column": 8
          },
          "end": {
            "line": 125,
            "column": 27
          }
        },
        "31": {
          "start": {
            "line": 133,
            "column": 21
          },
          "end": {
            "line": 146,
            "column": 1
          }
        },
        "32": {
          "start": {
            "line": 135,
            "column": 8
          },
          "end": {
            "line": 135,
            "column": 20
          }
        },
        "33": {
          "start": {
            "line": 138,
            "column": 28
          },
          "end": {
            "line": 138,
            "column": 41
          }
        },
        "34": {
          "start": {
            "line": 139,
            "column": 8
          },
          "end": {
            "line": 139,
            "column": 68
          }
        },
        "35": {
          "start": {
            "line": 141,
            "column": 8
          },
          "end": {
            "line": 144,
            "column": 27
          }
        },
        "36": {
          "start": {
            "line": 153,
            "column": 0
          },
          "end": {
            "line": 164,
            "column": 14
          }
        }
      },
      "fnMap": {
        "0": {
          "name": "(anonymous_0)",
          "decl": {
            "start": {
              "line": 18,
              "column": 4
            },
            "end": {
              "line": 18,
              "column": 5
            }
          },
          "loc": {
            "start": {
              "line": 18,
              "column": 28
            },
            "end": {
              "line": 20,
              "column": 5
            }
          },
          "line": 18
        },
        "1": {
          "name": "(anonymous_1)",
          "decl": {
            "start": {
              "line": 21,
              "column": 4
            },
            "end": {
              "line": 21,
              "column": 5
            }
          },
          "loc": {
            "start": {
              "line": 21,
              "column": 25
            },
            "end": {
              "line": 28,
              "column": 5
            }
          },
          "line": 21
        },
        "2": {
          "name": "(anonymous_2)",
          "decl": {
            "start": {
              "line": 32,
              "column": 4
            },
            "end": {
              "line": 32,
              "column": 5
            }
          },
          "loc": {
            "start": {
              "line": 32,
              "column": 28
            },
            "end": {
              "line": 35,
              "column": 5
            }
          },
          "line": 32
        },
        "3": {
          "name": "(anonymous_3)",
          "decl": {
            "start": {
              "line": 36,
              "column": 4
            },
            "end": {
              "line": 36,
              "column": 5
            }
          },
          "loc": {
            "start": {
              "line": 36,
              "column": 25
            },
            "end": {
              "line": 43,
              "column": 5
            }
          },
          "line": 36
        },
        "4": {
          "name": "(anonymous_4)",
          "decl": {
            "start": {
              "line": 47,
              "column": 4
            },
            "end": {
              "line": 47,
              "column": 5
            }
          },
          "loc": {
            "start": {
              "line": 47,
              "column": 28
            },
            "end": {
              "line": 50,
              "column": 5
            }
          },
          "line": 47
        },
        "5": {
          "name": "(anonymous_5)",
          "decl": {
            "start": {
              "line": 51,
              "column": 4
            },
            "end": {
              "line": 51,
              "column": 5
            }
          },
          "loc": {
            "start": {
              "line": 51,
              "column": 25
            },
            "end": {
              "line": 58,
              "column": 5
            }
          },
          "line": 51
        },
        "6": {
          "name": "(anonymous_6)",
          "decl": {
            "start": {
              "line": 62,
              "column": 4
            },
            "end": {
              "line": 62,
              "column": 5
            }
          },
          "loc": {
            "start": {
              "line": 62,
              "column": 28
            },
            "end": {
              "line": 66,
              "column": 5
            }
          },
          "line": 62
        },
        "7": {
          "name": "(anonymous_7)",
          "decl": {
            "start": {
              "line": 67,
              "column": 4
            },
            "end": {
              "line": 67,
              "column": 5
            }
          },
          "loc": {
            "start": {
              "line": 67,
              "column": 25
            },
            "end": {
              "line": 73,
              "column": 5
            }
          },
          "line": 67
        },
        "8": {
          "name": "(anonymous_8)",
          "decl": {
            "start": {
              "line": 81,
              "column": 4
            },
            "end": {
              "line": 81,
              "column": 5
            }
          },
          "loc": {
            "start": {
              "line": 81,
              "column": 28
            },
            "end": {
              "line": 84,
              "column": 5
            }
          },
          "line": 81
        },
        "9": {
          "name": "(anonymous_9)",
          "decl": {
            "start": {
              "line": 85,
              "column": 4
            },
            "end": {
              "line": 85,
              "column": 5
            }
          },
          "loc": {
            "start": {
              "line": 85,
              "column": 25
            },
            "end": {
              "line": 92,
              "column": 5
            }
          },
          "line": 85
        },
        "10": {
          "name": "(anonymous_10)",
          "decl": {
            "start": {
              "line": 100,
              "column": 4
            },
            "end": {
              "line": 100,
              "column": 5
            }
          },
          "loc": {
            "start": {
              "line": 100,
              "column": 28
            },
            "end": {
              "line": 102,
              "column": 5
            }
          },
          "line": 100
        },
        "11": {
          "name": "(anonymous_11)",
          "decl": {
            "start": {
              "line": 103,
              "column": 4
            },
            "end": {
              "line": 103,
              "column": 5
            }
          },
          "loc": {
            "start": {
              "line": 103,
              "column": 25
            },
            "end": {
              "line": 107,
              "column": 5
            }
          },
          "line": 103
        },
        "12": {
          "name": "(anonymous_12)",
          "decl": {
            "start": {
              "line": 115,
              "column": 4
            },
            "end": {
              "line": 115,
              "column": 5
            }
          },
          "loc": {
            "start": {
              "line": 115,
              "column": 28
            },
            "end": {
              "line": 117,
              "column": 5
            }
          },
          "line": 115
        },
        "13": {
          "name": "(anonymous_13)",
          "decl": {
            "start": {
              "line": 118,
              "column": 4
            },
            "end": {
              "line": 118,
              "column": 5
            }
          },
          "loc": {
            "start": {
              "line": 118,
              "column": 25
            },
            "end": {
              "line": 126,
              "column": 5
            }
          },
          "line": 118
        },
        "14": {
          "name": "(anonymous_14)",
          "decl": {
            "start": {
              "line": 134,
              "column": 4
            },
            "end": {
              "line": 134,
              "column": 5
            }
          },
          "loc": {
            "start": {
              "line": 134,
              "column": 16
            },
            "end": {
              "line": 136,
              "column": 5
            }
          },
          "line": 134
        },
        "15": {
          "name": "(anonymous_15)",
          "decl": {
            "start": {
              "line": 137,
              "column": 4
            },
            "end": {
              "line": 137,
              "column": 5
            }
          },
          "loc": {
            "start": {
              "line": 137,
              "column": 32
            },
            "end": {
              "line": 145,
              "column": 5
            }
          },
          "line": 137
        }
      },
      "branchMap": {
        "0": {
          "loc": {
            "start": {
              "line": 33,
              "column": 15
            },
            "end": {
              "line": 34,
              "column": 87
            }
          },
          "type": "binary-expr",
          "locations": [
            {
              "start": {
                "line": 33,
                "column": 15
              },
              "end": {
                "line": 33,
                "column": 85
              }
            },
            {
              "start": {
                "line": 34,
                "column": 15
              },
              "end": {
                "line": 34,
                "column": 87
              }
            }
          ],
          "line": 33
        },
        "1": {
          "loc": {
            "start": {
              "line": 48,
              "column": 15
            },
            "end": {
              "line": 49,
              "column": 88
            }
          },
          "type": "binary-expr",
          "locations": [
            {
              "start": {
                "line": 48,
                "column": 15
              },
              "end": {
                "line": 48,
                "column": 85
              }
            },
            {
              "start": {
                "line": 49,
                "column": 15
              },
              "end": {
                "line": 49,
                "column": 88
              }
            }
          ],
          "line": 48
        },
        "2": {
          "loc": {
            "start": {
              "line": 63,
              "column": 15
            },
            "end": {
              "line": 65,
              "column": 93
            }
          },
          "type": "binary-expr",
          "locations": [
            {
              "start": {
                "line": 63,
                "column": 15
              },
              "end": {
                "line": 63,
                "column": 85
              }
            },
            {
              "start": {
                "line": 64,
                "column": 16
              },
              "end": {
                "line": 64,
                "column": 91
              }
            },
            {
              "start": {
                "line": 65,
                "column": 19
              },
              "end": {
                "line": 65,
                "column": 92
              }
            }
          ],
          "line": 63
        },
        "3": {
          "loc": {
            "start": {
              "line": 82,
              "column": 15
            },
            "end": {
              "line": 83,
              "column": 92
            }
          },
          "type": "binary-expr",
          "locations": [
            {
              "start": {
                "line": 82,
                "column": 15
              },
              "end": {
                "line": 82,
                "column": 85
              }
            },
            {
              "start": {
                "line": 83,
                "column": 15
              },
              "end": {
                "line": 83,
                "column": 92
              }
            }
          ],
          "line": 82
        }
      },
      "s": {
        "0": 1,
        "1": 1,
        "2": 1,
        "3": 5,
        "4": 2,
        "5": 2,
        "6": 1,
        "7": 3,
        "8": 1,
        "9": 1,
        "10": 1,
        "11": 2,
        "12": 2,
        "13": 2,
        "14": 1,
        "15": 0,
        "16": 0,
        "17": 0,
        "18": 1,
        "19": 0,
        "20": 0,
        "21": 0,
        "22": 1,
        "23": 0,
        "24": 0,
        "25": 0,
        "26": 1,
        "27": 0,
        "28": 0,
        "29": 0,
        "30": 0,
        "31": 1,
        "32": 0,
        "33": 0,
        "34": 0,
        "35": 0,
        "36": 1
      },
      "f": {
        "0": 5,
        "1": 2,
        "2": 3,
        "3": 1,
        "4": 2,
        "5": 2,
        "6": 0,
        "7": 0,
        "8": 0,
        "9": 0,
        "10": 0,
        "11": 0,
        "12": 0,
        "13": 0,
        "14": 0,
        "15": 0
      },
      "b": {
        "0": [
          3,
          3
        ],
        "1": [
          2,
          2
        ],
        "2": [
          0,
          0,
          0
        ],
        "3": [
          0,
          0
        ]
      },
      "_coverageSchema": "43e27e138ebf9cfc5966b082cf9a028302ed4184",
      "hash": "86263170bc3f61d3b81c47df84501850a549be33"
    },
    "/Users/AtsushiUMAKATSU/workspace/AlexaSkill/bespoken-test/lambda/custom/languageStrings.js": {
      "path": "/Users/AtsushiUMAKATSU/workspace/AlexaSkill/bespoken-test/lambda/custom/languageStrings.js",
      "statementMap": {
        "0": {
          "start": {
            "line": 8,
            "column": 0
          },
          "end": {
            "line": 97,
            "column": 1
          }
        }
      },
      "fnMap": {},
      "branchMap": {},
      "s": {
        "0": 0
      },
      "f": {},
      "b": {},
      "hash": "41ffc4a88d615a1415c7df7da82c6c097e6a0477"
    },
    "/Users/AtsushiUMAKATSU/workspace/AlexaSkill/bespoken-test/lambda/custom/util.js": {
      "path": "/Users/AtsushiUMAKATSU/workspace/AlexaSkill/bespoken-test/lambda/custom/util.js",
      "statementMap": {
        "0": {
          "start": {
            "line": 1,
            "column": 12
          },
          "end": {
            "line": 1,
            "column": 30
          }
        },
        "1": {
          "start": {
            "line": 3,
            "column": 22
          },
          "end": {
            "line": 5,
            "column": 2
          }
        },
        "2": {
          "start": {
            "line": 7,
            "column": 0
          },
          "end": {
            "line": 18,
            "column": 1
          }
        },
        "3": {
          "start": {
            "line": 9,
            "column": 23
          },
          "end": {
            "line": 9,
            "column": 56
          }
        },
        "4": {
          "start": {
            "line": 10,
            "column": 27
          },
          "end": {
            "line": 14,
            "column": 6
          }
        },
        "5": {
          "start": {
            "line": 15,
            "column": 4
          },
          "end": {
            "line": 15,
            "column": 77
          }
        },
        "6": {
          "start": {
            "line": 16,
            "column": 4
          },
          "end": {
            "line": 16,
            "column": 26
          }
        }
      },
      "fnMap": {
        "0": {
          "name": "getS3PreSignedUrl",
          "decl": {
            "start": {
              "line": 7,
              "column": 44
            },
            "end": {
              "line": 7,
              "column": 61
            }
          },
          "loc": {
            "start": {
              "line": 7,
              "column": 75
            },
            "end": {
              "line": 18,
              "column": 1
            }
          },
          "line": 7
        }
      },
      "branchMap": {},
      "s": {
        "0": 0,
        "1": 0,
        "2": 0,
        "3": 0,
        "4": 0,
        "5": 0,
        "6": 0
      },
      "f": {
        "0": 0
      },
      "b": {},
      "hash": "28082d10253723c87f2008334479ba416484cc3f"
    },
    "/Users/AtsushiUMAKATSU/workspace/AlexaSkill/bespoken-test/lambda/custom/local-debugger.js": {
      "path": "/Users/AtsushiUMAKATSU/workspace/AlexaSkill/bespoken-test/lambda/custom/local-debugger.js",
      "statementMap": {
        "0": {
          "start": {
            "line": 14,
            "column": 12
          },
          "end": {
            "line": 14,
            "column": 26
          }
        },
        "1": {
          "start": {
            "line": 15,
            "column": 11
          },
          "end": {
            "line": 15,
            "column": 24
          }
        },
        "2": {
          "start": {
            "line": 17,
            "column": 22
          },
          "end": {
            "line": 17,
            "column": 40
          }
        },
        "3": {
          "start": {
            "line": 19,
            "column": 28
          },
          "end": {
            "line": 19,
            "column": 34
          }
        },
        "4": {
          "start": {
            "line": 20,
            "column": 26
          },
          "end": {
            "line": 20,
            "column": 36
          }
        },
        "5": {
          "start": {
            "line": 21,
            "column": 27
          },
          "end": {
            "line": 21,
            "column": 36
          }
        },
        "6": {
          "start": {
            "line": 22,
            "column": 13
          },
          "end": {
            "line": 22,
            "column": 24
          }
        },
        "7": {
          "start": {
            "line": 23,
            "column": 20
          },
          "end": {
            "line": 23,
            "column": 21
          }
        },
        "8": {
          "start": {
            "line": 31,
            "column": 21
          },
          "end": {
            "line": 31,
            "column": 62
          }
        },
        "9": {
          "start": {
            "line": 32,
            "column": 19
          },
          "end": {
            "line": 32,
            "column": 45
          }
        },
        "10": {
          "start": {
            "line": 33,
            "column": 26
          },
          "end": {
            "line": 33,
            "column": 48
          }
        },
        "11": {
          "start": {
            "line": 39,
            "column": 0
          },
          "end": {
            "line": 41,
            "column": 3
          }
        },
        "12": {
          "start": {
            "line": 40,
            "column": 4
          },
          "end": {
            "line": 40,
            "column": 77
          }
        },
        "13": {
          "start": {
            "line": 52,
            "column": 0
          },
          "end": {
            "line": 63,
            "column": 3
          }
        },
        "14": {
          "start": {
            "line": 53,
            "column": 4
          },
          "end": {
            "line": 53,
            "column": 81
          }
        },
        "15": {
          "start": {
            "line": 54,
            "column": 4
          },
          "end": {
            "line": 62,
            "column": 7
          }
        },
        "16": {
          "start": {
            "line": 55,
            "column": 21
          },
          "end": {
            "line": 55,
            "column": 79
          }
        },
        "17": {
          "start": {
            "line": 56,
            "column": 8
          },
          "end": {
            "line": 56,
            "column": 65
          }
        },
        "18": {
          "start": {
            "line": 57,
            "column": 8
          },
          "end": {
            "line": 61,
            "column": 11
          }
        },
        "19": {
          "start": {
            "line": 58,
            "column": 12
          },
          "end": {
            "line": 58,
            "column": 48
          }
        },
        "20": {
          "start": {
            "line": 59,
            "column": 12
          },
          "end": {
            "line": 59,
            "column": 58
          }
        },
        "21": {
          "start": {
            "line": 60,
            "column": 12
          },
          "end": {
            "line": 60,
            "column": 197
          }
        },
        "22": {
          "start": {
            "line": 71,
            "column": 31
          },
          "end": {
            "line": 71,
            "column": 77
          }
        },
        "23": {
          "start": {
            "line": 72,
            "column": 4
          },
          "end": {
            "line": 74,
            "column": 5
          }
        },
        "24": {
          "start": {
            "line": 73,
            "column": 8
          },
          "end": {
            "line": 73,
            "column": 85
          }
        },
        "25": {
          "start": {
            "line": 75,
            "column": 4
          },
          "end": {
            "line": 77,
            "column": 5
          }
        },
        "26": {
          "start": {
            "line": 76,
            "column": 8
          },
          "end": {
            "line": 76,
            "column": 125
          }
        },
        "27": {
          "start": {
            "line": 78,
            "column": 4
          },
          "end": {
            "line": 81,
            "column": 5
          }
        },
        "28": {
          "start": {
            "line": 79,
            "column": 8
          },
          "end": {
            "line": 80,
            "column": 67
          }
        },
        "29": {
          "start": {
            "line": 82,
            "column": 4
          },
          "end": {
            "line": 82,
            "column": 30
          }
        },
        "30": {
          "start": {
            "line": 91,
            "column": 4
          },
          "end": {
            "line": 91,
            "column": 60
          }
        },
        "31": {
          "start": {
            "line": 101,
            "column": 29
          },
          "end": {
            "line": 101,
            "column": 58
          }
        },
        "32": {
          "start": {
            "line": 102,
            "column": 4
          },
          "end": {
            "line": 104,
            "column": 5
          }
        },
        "33": {
          "start": {
            "line": 103,
            "column": 8
          },
          "end": {
            "line": 103,
            "column": 63
          }
        },
        "34": {
          "start": {
            "line": 105,
            "column": 4
          },
          "end": {
            "line": 105,
            "column": 28
          }
        },
        "35": {
          "start": {
            "line": 115,
            "column": 18
          },
          "end": {
            "line": 115,
            "column": 59
          }
        },
        "36": {
          "start": {
            "line": 116,
            "column": 4
          },
          "end": {
            "line": 122,
            "column": 5
          }
        },
        "37": {
          "start": {
            "line": 117,
            "column": 8
          },
          "end": {
            "line": 121,
            "column": 9
          }
        },
        "38": {
          "start": {
            "line": 118,
            "column": 12
          },
          "end": {
            "line": 118,
            "column": 81
          }
        },
        "39": {
          "start": {
            "line": 120,
            "column": 12
          },
          "end": {
            "line": 120,
            "column": 32
          }
        },
        "40": {
          "start": {
            "line": 123,
            "column": 4
          },
          "end": {
            "line": 123,
            "column": 35
          }
        }
      },
      "fnMap": {
        "0": {
          "name": "(anonymous_0)",
          "decl": {
            "start": {
              "line": 39,
              "column": 39
            },
            "end": {
              "line": 39,
              "column": 40
            }
          },
          "loc": {
            "start": {
              "line": 39,
              "column": 45
            },
            "end": {
              "line": 41,
              "column": 1
            }
          },
          "line": 39
        },
        "1": {
          "name": "(anonymous_1)",
          "decl": {
            "start": {
              "line": 52,
              "column": 31
            },
            "end": {
              "line": 52,
              "column": 32
            }
          },
          "loc": {
            "start": {
              "line": 52,
              "column": 43
            },
            "end": {
              "line": 63,
              "column": 1
            }
          },
          "line": 52
        },
        "2": {
          "name": "(anonymous_2)",
          "decl": {
            "start": {
              "line": 54,
              "column": 22
            },
            "end": {
              "line": 54,
              "column": 23
            }
          },
          "loc": {
            "start": {
              "line": 54,
              "column": 32
            },
            "end": {
              "line": 62,
              "column": 5
            }
          },
          "line": 54
        },
        "3": {
          "name": "(anonymous_3)",
          "decl": {
            "start": {
              "line": 57,
              "column": 52
            },
            "end": {
              "line": 57,
              "column": 53
            }
          },
          "loc": {
            "start": {
              "line": 57,
              "column": 78
            },
            "end": {
              "line": 61,
              "column": 9
            }
          },
          "line": 57
        },
        "4": {
          "name": "getAndValidatePortNumber",
          "decl": {
            "start": {
              "line": 70,
              "column": 9
            },
            "end": {
              "line": 70,
              "column": 33
            }
          },
          "loc": {
            "start": {
              "line": 70,
              "column": 36
            },
            "end": {
              "line": 83,
              "column": 1
            }
          },
          "line": 70
        },
        "5": {
          "name": "getLambdaHandlerName",
          "decl": {
            "start": {
              "line": 90,
              "column": 9
            },
            "end": {
              "line": 90,
              "column": 29
            }
          },
          "loc": {
            "start": {
              "line": 90,
              "column": 32
            },
            "end": {
              "line": 92,
              "column": 1
            }
          },
          "line": 90
        },
        "6": {
          "name": "getAndValidateSkillInvokerFile",
          "decl": {
            "start": {
              "line": 100,
              "column": 9
            },
            "end": {
              "line": 100,
              "column": 39
            }
          },
          "loc": {
            "start": {
              "line": 100,
              "column": 42
            },
            "end": {
              "line": 106,
              "column": 1
            }
          },
          "line": 100
        },
        "7": {
          "name": "getArgument",
          "decl": {
            "start": {
              "line": 114,
              "column": 9
            },
            "end": {
              "line": 114,
              "column": 20
            }
          },
          "loc": {
            "start": {
              "line": 114,
              "column": 49
            },
            "end": {
              "line": 124,
              "column": 1
            }
          },
          "line": 114
        }
      },
      "branchMap": {
        "0": {
          "loc": {
            "start": {
              "line": 72,
              "column": 4
            },
            "end": {
              "line": 74,
              "column": 5
            }
          },
          "type": "if",
          "locations": [
            {
              "start": {
                "line": 72,
                "column": 4
              },
              "end": {
                "line": 74,
                "column": 5
              }
            },
            {
              "start": {
                "line": 72,
                "column": 4
              },
              "end": {
                "line": 74,
                "column": 5
              }
            }
          ],
          "line": 72
        },
        "1": {
          "loc": {
            "start": {
              "line": 75,
              "column": 4
            },
            "end": {
              "line": 77,
              "column": 5
            }
          },
          "type": "if",
          "locations": [
            {
              "start": {
                "line": 75,
                "column": 4
              },
              "end": {
                "line": 77,
                "column": 5
              }
            },
            {
              "start": {
                "line": 75,
                "column": 4
              },
              "end": {
                "line": 77,
                "column": 5
              }
            }
          ],
          "line": 75
        },
        "2": {
          "loc": {
            "start": {
              "line": 75,
              "column": 8
            },
            "end": {
              "line": 75,
              "column": 60
            }
          },
          "type": "binary-expr",
          "locations": [
            {
              "start": {
                "line": 75,
                "column": 8
              },
              "end": {
                "line": 75,
                "column": 30
              }
            },
            {
              "start": {
                "line": 75,
                "column": 34
              },
              "end": {
                "line": 75,
                "column": 60
              }
            }
          ],
          "line": 75
        },
        "3": {
          "loc": {
            "start": {
              "line": 78,
              "column": 4
            },
            "end": {
              "line": 81,
              "column": 5
            }
          },
          "type": "if",
          "locations": [
            {
              "start": {
                "line": 78,
                "column": 4
              },
              "end": {
                "line": 81,
                "column": 5
              }
            },
            {
              "start": {
                "line": 78,
                "column": 4
              },
              "end": {
                "line": 81,
                "column": 5
              }
            }
          ],
          "line": 78
        },
        "4": {
          "loc": {
            "start": {
              "line": 102,
              "column": 4
            },
            "end": {
              "line": 104,
              "column": 5
            }
          },
          "type": "if",
          "locations": [
            {
              "start": {
                "line": 102,
                "column": 4
              },
              "end": {
                "line": 104,
                "column": 5
              }
            },
            {
              "start": {
                "line": 102,
                "column": 4
              },
              "end": {
                "line": 104,
                "column": 5
              }
            }
          ],
          "line": 102
        },
        "5": {
          "loc": {
            "start": {
              "line": 116,
              "column": 4
            },
            "end": {
              "line": 122,
              "column": 5
            }
          },
          "type": "if",
          "locations": [
            {
              "start": {
                "line": 116,
                "column": 4
              },
              "end": {
                "line": 122,
                "column": 5
              }
            },
            {
              "start": {
                "line": 116,
                "column": 4
              },
              "end": {
                "line": 122,
                "column": 5
              }
            }
          ],
          "line": 116
        },
        "6": {
          "loc": {
            "start": {
              "line": 116,
              "column": 8
            },
            "end": {
              "line": 116,
              "column": 70
            }
          },
          "type": "binary-expr",
          "locations": [
            {
              "start": {
                "line": 116,
                "column": 8
              },
              "end": {
                "line": 116,
                "column": 20
              }
            },
            {
              "start": {
                "line": 116,
                "column": 24
              },
              "end": {
                "line": 116,
                "column": 70
              }
            }
          ],
          "line": 116
        },
        "7": {
          "loc": {
            "start": {
              "line": 117,
              "column": 8
            },
            "end": {
              "line": 121,
              "column": 9
            }
          },
          "type": "if",
          "locations": [
            {
              "start": {
                "line": 117,
                "column": 8
              },
              "end": {
                "line": 121,
                "column": 9
              }
            },
            {
              "start": {
                "line": 117,
                "column": 8
              },
              "end": {
                "line": 121,
                "column": 9
              }
            }
          ],
          "line": 117
        }
      },
      "s": {
        "0": 0,
        "1": 0,
        "2": 0,
        "3": 0,
        "4": 0,
        "5": 0,
        "6": 0,
        "7": 0,
        "8": 0,
        "9": 0,
        "10": 0,
        "11": 0,
        "12": 0,
        "13": 0,
        "14": 0,
        "15": 0,
        "16": 0,
        "17": 0,
        "18": 0,
        "19": 0,
        "20": 0,
        "21": 0,
        "22": 0,
        "23": 0,
        "24": 0,
        "25": 0,
        "26": 0,
        "27": 0,
        "28": 0,
        "29": 0,
        "30": 0,
        "31": 0,
        "32": 0,
        "33": 0,
        "34": 0,
        "35": 0,
        "36": 0,
        "37": 0,
        "38": 0,
        "39": 0,
        "40": 0
      },
      "f": {
        "0": 0,
        "1": 0,
        "2": 0,
        "3": 0,
        "4": 0,
        "5": 0,
        "6": 0,
        "7": 0
      },
      "b": {
        "0": [
          0,
          0
        ],
        "1": [
          0,
          0
        ],
        "2": [
          0,
          0
        ],
        "3": [
          0,
          0
        ],
        "4": [
          0,
          0
        ],
        "5": [
          0,
          0
        ],
        "6": [
          0,
          0
        ],
        "7": [
          0,
          0
        ]
      },
      "hash": "1225b147b7500f2e78bd403ddd616980b4f9fc53"
    }
  }
}