{
  "numFailedTestSuites": 0,
  "numFailedTests": 0,
  "numPassedTestSuites": 1,
  "numPassedTests": 2,
  "numPendingTestSuites": 0,
  "numPendingTests": 0,
  "numRuntimeErrorTestSuites": 0,
  "numTodoTests": 0,
  "numTotalTestSuites": 1,
  "numTotalTests": 2,
  "openHandles": [],
  "snapshot": {
    "added": 0,
    "didUpdate": false,
    "failure": false,
    "filesAdded": 0,
    "filesRemoved": 0,
    "filesRemovedList": [],
    "filesUnmatched": 0,
    "filesUpdated": 0,
    "matched": 0,
    "total": 0,
    "unchecked": 0,
    "uncheckedKeysByFile": [],
    "unmatched": 0,
    "updated": 0
  },
  "startTime": 1577772280570,
  "success": false,
  "testResults": [
    {
      "failureMessage": null,
      "leaks": false,
      "memoryUsage": 0,
      "numFailingTests": 0,
      "numPassingTests": 2,
      "numPendingTests": 0,
      "skipped": false,
      "snapshot": {
        "added": 0,
        "fileDeleted": false,
        "matched": 0,
        "unchecked": 0,
        "uncheckedKeys": [],
        "unmatched": 0,
        "updated": 0
      },
      "testFilePath": "/Users/AtsushiUMAKATSU/workspace/AlexaSkill/techbookfest8/test/unit/index.test.yml",
      "testResults": [
        {
          "ancestorTitles": [
            "ja-JP",
            "LaunchRequestのみ"
          ],
          "duration": 169,
          "failureMessages": [],
          "location": {
            "column": 0,
            "line": 0
          },
          "numPassingAsserts": 0,
          "status": "passed",
          "title": "LaunchRequest"
        },
        {
          "ancestorTitles": [
            "ja-JP",
            "テスト１. シナリオ: AMAZON.HelpIntent"
          ],
          "duration": 0,
          "failureMessages": [],
          "location": {
            "column": 0,
            "line": 0
          },
          "numPassingAsserts": 0,
          "status": "passed",
          "title": "LaunchRequest"
        },
        {
          "ancestorTitles": [
            "ja-JP",
            "テスト１. シナリオ: AMAZON.HelpIntent"
          ],
          "duration": 4,
          "failureMessages": [],
          "location": {
            "column": 0,
            "line": 0
          },
          "numPassingAsserts": 0,
          "status": "passed",
          "title": "help"
        },
        {
          "ancestorTitles": [
            "ja-JP",
            "テスト１. シナリオ: AMAZON.HelpIntent"
          ],
          "duration": 1,
          "failureMessages": [],
          "location": {
            "column": 0,
            "line": 0
          },
          "numPassingAsserts": 0,
          "status": "passed",
          "title": "AMAZON.HelpIntent"
        },
        {
          "ancestorTitles": [
            "ja-JP",
            "テスト１. シナリオ: AMAZON.HelpIntent"
          ],
          "duration": 1,
          "failureMessages": [],
          "location": {
            "column": 0,
            "line": 0
          },
          "numPassingAsserts": 0,
          "status": "passed",
          "title": "HelloWorldIntent"
        }
      ],
      "perfStats": {
        "end": 1577772281784,
        "start": 1577772280630
      },
      "numTodoTests": 0
    }
  ],
  "wasInterrupted": false,
  "coverageMap": {
    "/Users/AtsushiUMAKATSU/workspace/AlexaSkill/techbookfest8/lambda/custom/index.js": {
      "path": "/Users/AtsushiUMAKATSU/workspace/AlexaSkill/techbookfest8/lambda/custom/index.js",
      "statementMap": {
        "0": {
          "start": {
            "line": 1,
            "column": 14
          },
          "end": {
            "line": 1,
            "column": 37
          }
        },
        "1": {
          "start": {
            "line": 3,
            "column": 12
          },
          "end": {
            "line": 10,
            "column": 1
          }
        },
        "2": {
          "start": {
            "line": 12,
            "column": 29
          },
          "end": {
            "line": 24,
            "column": 1
          }
        },
        "3": {
          "start": {
            "line": 14,
            "column": 8
          },
          "end": {
            "line": 14,
            "column": 86
          }
        },
        "4": {
          "start": {
            "line": 17,
            "column": 28
          },
          "end": {
            "line": 17,
            "column": 43
          }
        },
        "5": {
          "start": {
            "line": 19,
            "column": 8
          },
          "end": {
            "line": 22,
            "column": 27
          }
        },
        "6": {
          "start": {
            "line": 26,
            "column": 32
          },
          "end": {
            "line": 38,
            "column": 1
          }
        },
        "7": {
          "start": {
            "line": 28,
            "column": 8
          },
          "end": {
            "line": 29,
            "column": 88
          }
        },
        "8": {
          "start": {
            "line": 32,
            "column": 28
          },
          "end": {
            "line": 32,
            "column": 40
          }
        },
        "9": {
          "start": {
            "line": 34,
            "column": 8
          },
          "end": {
            "line": 36,
            "column": 27
          }
        },
        "10": {
          "start": {
            "line": 40,
            "column": 26
          },
          "end": {
            "line": 53,
            "column": 1
          }
        },
        "11": {
          "start": {
            "line": 42,
            "column": 8
          },
          "end": {
            "line": 43,
            "column": 89
          }
        },
        "12": {
          "start": {
            "line": 46,
            "column": 28
          },
          "end": {
            "line": 46,
            "column": 40
          }
        },
        "13": {
          "start": {
            "line": 48,
            "column": 8
          },
          "end": {
            "line": 51,
            "column": 27
          }
        },
        "14": {
          "start": {
            "line": 55,
            "column": 35
          },
          "end": {
            "line": 68,
            "column": 1
          }
        },
        "15": {
          "start": {
            "line": 57,
            "column": 8
          },
          "end": {
            "line": 59,
            "column": 94
          }
        },
        "16": {
          "start": {
            "line": 62,
            "column": 28
          },
          "end": {
            "line": 62,
            "column": 43
          }
        },
        "17": {
          "start": {
            "line": 64,
            "column": 8
          },
          "end": {
            "line": 66,
            "column": 27
          }
        },
        "18": {
          "start": {
            "line": 70,
            "column": 30
          },
          "end": {
            "line": 83,
            "column": 1
          }
        },
        "19": {
          "start": {
            "line": 72,
            "column": 8
          },
          "end": {
            "line": 73,
            "column": 93
          }
        },
        "20": {
          "start": {
            "line": 76,
            "column": 28
          },
          "end": {
            "line": 76,
            "column": 44
          }
        },
        "21": {
          "start": {
            "line": 78,
            "column": 8
          },
          "end": {
            "line": 81,
            "column": 27
          }
        },
        "22": {
          "start": {
            "line": 85,
            "column": 35
          },
          "end": {
            "line": 94,
            "column": 1
          }
        },
        "23": {
          "start": {
            "line": 87,
            "column": 8
          },
          "end": {
            "line": 87,
            "column": 92
          }
        },
        "24": {
          "start": {
            "line": 90,
            "column": 8
          },
          "end": {
            "line": 90,
            "column": 91
          }
        },
        "25": {
          "start": {
            "line": 92,
            "column": 8
          },
          "end": {
            "line": 92,
            "column": 58
          }
        },
        "26": {
          "start": {
            "line": 96,
            "column": 21
          },
          "end": {
            "line": 109,
            "column": 1
          }
        },
        "27": {
          "start": {
            "line": 98,
            "column": 8
          },
          "end": {
            "line": 98,
            "column": 20
          }
        },
        "28": {
          "start": {
            "line": 101,
            "column": 28
          },
          "end": {
            "line": 101,
            "column": 41
          }
        },
        "29": {
          "start": {
            "line": 102,
            "column": 8
          },
          "end": {
            "line": 102,
            "column": 68
          }
        },
        "30": {
          "start": {
            "line": 104,
            "column": 8
          },
          "end": {
            "line": 107,
            "column": 27
          }
        },
        "31": {
          "start": {
            "line": 111,
            "column": 0
          },
          "end": {
            "line": 122,
            "column": 14
          }
        }
      },
      "fnMap": {
        "0": {
          "name": "(anonymous_0)",
          "decl": {
            "start": {
              "line": 13,
              "column": 4
            },
            "end": {
              "line": 13,
              "column": 5
            }
          },
          "loc": {
            "start": {
              "line": 13,
              "column": 28
            },
            "end": {
              "line": 15,
              "column": 5
            }
          },
          "line": 13
        },
        "1": {
          "name": "(anonymous_1)",
          "decl": {
            "start": {
              "line": 16,
              "column": 4
            },
            "end": {
              "line": 16,
              "column": 5
            }
          },
          "loc": {
            "start": {
              "line": 16,
              "column": 25
            },
            "end": {
              "line": 23,
              "column": 5
            }
          },
          "line": 16
        },
        "2": {
          "name": "(anonymous_2)",
          "decl": {
            "start": {
              "line": 27,
              "column": 4
            },
            "end": {
              "line": 27,
              "column": 5
            }
          },
          "loc": {
            "start": {
              "line": 27,
              "column": 28
            },
            "end": {
              "line": 30,
              "column": 5
            }
          },
          "line": 27
        },
        "3": {
          "name": "(anonymous_3)",
          "decl": {
            "start": {
              "line": 31,
              "column": 4
            },
            "end": {
              "line": 31,
              "column": 5
            }
          },
          "loc": {
            "start": {
              "line": 31,
              "column": 25
            },
            "end": {
              "line": 37,
              "column": 5
            }
          },
          "line": 31
        },
        "4": {
          "name": "(anonymous_4)",
          "decl": {
            "start": {
              "line": 41,
              "column": 4
            },
            "end": {
              "line": 41,
              "column": 5
            }
          },
          "loc": {
            "start": {
              "line": 41,
              "column": 28
            },
            "end": {
              "line": 44,
              "column": 5
            }
          },
          "line": 41
        },
        "5": {
          "name": "(anonymous_5)",
          "decl": {
            "start": {
              "line": 45,
              "column": 4
            },
            "end": {
              "line": 45,
              "column": 5
            }
          },
          "loc": {
            "start": {
              "line": 45,
              "column": 25
            },
            "end": {
              "line": 52,
              "column": 5
            }
          },
          "line": 45
        },
        "6": {
          "name": "(anonymous_6)",
          "decl": {
            "start": {
              "line": 56,
              "column": 4
            },
            "end": {
              "line": 56,
              "column": 5
            }
          },
          "loc": {
            "start": {
              "line": 56,
              "column": 28
            },
            "end": {
              "line": 60,
              "column": 5
            }
          },
          "line": 56
        },
        "7": {
          "name": "(anonymous_7)",
          "decl": {
            "start": {
              "line": 61,
              "column": 4
            },
            "end": {
              "line": 61,
              "column": 5
            }
          },
          "loc": {
            "start": {
              "line": 61,
              "column": 25
            },
            "end": {
              "line": 67,
              "column": 5
            }
          },
          "line": 61
        },
        "8": {
          "name": "(anonymous_8)",
          "decl": {
            "start": {
              "line": 71,
              "column": 4
            },
            "end": {
              "line": 71,
              "column": 5
            }
          },
          "loc": {
            "start": {
              "line": 71,
              "column": 28
            },
            "end": {
              "line": 74,
              "column": 5
            }
          },
          "line": 71
        },
        "9": {
          "name": "(anonymous_9)",
          "decl": {
            "start": {
              "line": 75,
              "column": 4
            },
            "end": {
              "line": 75,
              "column": 5
            }
          },
          "loc": {
            "start": {
              "line": 75,
              "column": 25
            },
            "end": {
              "line": 82,
              "column": 5
            }
          },
          "line": 75
        },
        "10": {
          "name": "(anonymous_10)",
          "decl": {
            "start": {
              "line": 86,
              "column": 4
            },
            "end": {
              "line": 86,
              "column": 5
            }
          },
          "loc": {
            "start": {
              "line": 86,
              "column": 28
            },
            "end": {
              "line": 88,
              "column": 5
            }
          },
          "line": 86
        },
        "11": {
          "name": "(anonymous_11)",
          "decl": {
            "start": {
              "line": 89,
              "column": 4
            },
            "end": {
              "line": 89,
              "column": 5
            }
          },
          "loc": {
            "start": {
              "line": 89,
              "column": 25
            },
            "end": {
              "line": 93,
              "column": 5
            }
          },
          "line": 89
        },
        "12": {
          "name": "(anonymous_12)",
          "decl": {
            "start": {
              "line": 97,
              "column": 4
            },
            "end": {
              "line": 97,
              "column": 5
            }
          },
          "loc": {
            "start": {
              "line": 97,
              "column": 16
            },
            "end": {
              "line": 99,
              "column": 5
            }
          },
          "line": 97
        },
        "13": {
          "name": "(anonymous_13)",
          "decl": {
            "start": {
              "line": 100,
              "column": 4
            },
            "end": {
              "line": 100,
              "column": 5
            }
          },
          "loc": {
            "start": {
              "line": 100,
              "column": 32
            },
            "end": {
              "line": 108,
              "column": 5
            }
          },
          "line": 100
        }
      },
      "branchMap": {
        "0": {
          "loc": {
            "start": {
              "line": 28,
              "column": 15
            },
            "end": {
              "line": 29,
              "column": 87
            }
          },
          "type": "binary-expr",
          "locations": [
            {
              "start": {
                "line": 28,
                "column": 15
              },
              "end": {
                "line": 28,
                "column": 85
              }
            },
            {
              "start": {
                "line": 29,
                "column": 15
              },
              "end": {
                "line": 29,
                "column": 87
              }
            }
          ],
          "line": 28
        },
        "1": {
          "loc": {
            "start": {
              "line": 42,
              "column": 15
            },
            "end": {
              "line": 43,
              "column": 88
            }
          },
          "type": "binary-expr",
          "locations": [
            {
              "start": {
                "line": 42,
                "column": 15
              },
              "end": {
                "line": 42,
                "column": 85
              }
            },
            {
              "start": {
                "line": 43,
                "column": 15
              },
              "end": {
                "line": 43,
                "column": 88
              }
            }
          ],
          "line": 42
        },
        "2": {
          "loc": {
            "start": {
              "line": 57,
              "column": 15
            },
            "end": {
              "line": 59,
              "column": 93
            }
          },
          "type": "binary-expr",
          "locations": [
            {
              "start": {
                "line": 57,
                "column": 15
              },
              "end": {
                "line": 57,
                "column": 85
              }
            },
            {
              "start": {
                "line": 58,
                "column": 16
              },
              "end": {
                "line": 58,
                "column": 91
              }
            },
            {
              "start": {
                "line": 59,
                "column": 19
              },
              "end": {
                "line": 59,
                "column": 92
              }
            }
          ],
          "line": 57
        },
        "3": {
          "loc": {
            "start": {
              "line": 72,
              "column": 15
            },
            "end": {
              "line": 73,
              "column": 92
            }
          },
          "type": "binary-expr",
          "locations": [
            {
              "start": {
                "line": 72,
                "column": 15
              },
              "end": {
                "line": 72,
                "column": 85
              }
            },
            {
              "start": {
                "line": 73,
                "column": 15
              },
              "end": {
                "line": 73,
                "column": 92
              }
            }
          ],
          "line": 72
        }
      },
      "s": {
        "0": 1,
        "1": 1,
        "2": 1,
        "3": 5,
        "4": 2,
        "5": 2,
        "6": 1,
        "7": 3,
        "8": 1,
        "9": 1,
        "10": 1,
        "11": 2,
        "12": 2,
        "13": 2,
        "14": 1,
        "15": 0,
        "16": 0,
        "17": 0,
        "18": 1,
        "19": 0,
        "20": 0,
        "21": 0,
        "22": 1,
        "23": 0,
        "24": 0,
        "25": 0,
        "26": 1,
        "27": 0,
        "28": 0,
        "29": 0,
        "30": 0,
        "31": 1
      },
      "f": {
        "0": 5,
        "1": 2,
        "2": 3,
        "3": 1,
        "4": 2,
        "5": 2,
        "6": 0,
        "7": 0,
        "8": 0,
        "9": 0,
        "10": 0,
        "11": 0,
        "12": 0,
        "13": 0
      },
      "b": {
        "0": [
          3,
          3
        ],
        "1": [
          2,
          2
        ],
        "2": [
          0,
          0,
          0
        ],
        "3": [
          0,
          0
        ]
      },
      "_coverageSchema": "43e27e138ebf9cfc5966b082cf9a028302ed4184",
      "hash": "86493bdca8dcc837abcb482176f4097fe36a0479"
    }
  }
}